Traceback (most recent call last):
  File "/opt/conda/lib/python3.11/site-packages/transformers/utils/hub.py", line 403, in cached_file
    resolved_file = hf_hub_download(
                    ^^^^^^^^^^^^^^^^
  File "/opt/conda/lib/python3.11/site-packages/huggingface_hub/utils/_deprecation.py", line 101, in inner_f
    return f(*args, **kwargs)
           ^^^^^^^^^^^^^^^^^^
  File "/opt/conda/lib/python3.11/site-packages/huggingface_hub/utils/_validators.py", line 106, in _inner_fn
    validate_repo_id(arg_value)
  File "/opt/conda/lib/python3.11/site-packages/huggingface_hub/utils/_validators.py", line 154, in validate_repo_id
    raise HFValidationError(
huggingface_hub.errors.HFValidationError: Repo id must be in the form 'repo_name' or 'namespace/repo_name': './hf/2_13b_2bit'. Use `repo_type` argument if needed.

The above exception was the direct cause of the following exception:

Traceback (most recent call last):
  File "<frozen runpy>", line 198, in _run_module_as_main
  File "<frozen runpy>", line 88, in _run_code
  File "/home/jgryu/Weight_compression/qtip/eval/eval_ppl.py", line 74, in <module>
    main(args)
  File "/home/jgryu/Weight_compression/qtip/eval/eval_ppl.py", line 29, in main
    model, model_str = model_from_hf_path(args.hf_path, max_mem_ratio=args.max_mem_ratio)
                       ^^^^^^^^^^^^^^^^^^^^^^^^^^^^^^^^^^^^^^^^^^^^^^^^^^^^^^^^^^^^^^^^^^
  File "/home/jgryu/Weight_compression/qtip/lib/utils/unsafe_import.py", line 16, in model_from_hf_path
    bad_config = transformers.AutoConfig.from_pretrained(path)
                 ^^^^^^^^^^^^^^^^^^^^^^^^^^^^^^^^^^^^^^^^^^^^^
  File "/opt/conda/lib/python3.11/site-packages/transformers/models/auto/configuration_auto.py", line 1006, in from_pretrained
    config_dict, unused_kwargs = PretrainedConfig.get_config_dict(pretrained_model_name_or_path, **kwargs)
                                 ^^^^^^^^^^^^^^^^^^^^^^^^^^^^^^^^^^^^^^^^^^^^^^^^^^^^^^^^^^^^^^^^^^^^^^^^^
  File "/opt/conda/lib/python3.11/site-packages/transformers/configuration_utils.py", line 570, in get_config_dict
    config_dict, kwargs = cls._get_config_dict(pretrained_model_name_or_path, **kwargs)
                          ^^^^^^^^^^^^^^^^^^^^^^^^^^^^^^^^^^^^^^^^^^^^^^^^^^^^^^^^^^^^^
  File "/opt/conda/lib/python3.11/site-packages/transformers/configuration_utils.py", line 629, in _get_config_dict
    resolved_config_file = cached_file(
                           ^^^^^^^^^^^^
  File "/opt/conda/lib/python3.11/site-packages/transformers/utils/hub.py", line 469, in cached_file
    raise EnvironmentError(
OSError: Incorrect path_or_model_id: './hf/2_13b_2bit'. Please provide either the path to a local folder or the repo_id of a model on the Hub.
Traceback (most recent call last):
  File "/opt/conda/lib/python3.11/site-packages/transformers/utils/hub.py", line 403, in cached_file
    resolved_file = hf_hub_download(
                    ^^^^^^^^^^^^^^^^
  File "/opt/conda/lib/python3.11/site-packages/huggingface_hub/utils/_deprecation.py", line 101, in inner_f
    return f(*args, **kwargs)
           ^^^^^^^^^^^^^^^^^^
  File "/opt/conda/lib/python3.11/site-packages/huggingface_hub/utils/_validators.py", line 106, in _inner_fn
    validate_repo_id(arg_value)
  File "/opt/conda/lib/python3.11/site-packages/huggingface_hub/utils/_validators.py", line 154, in validate_repo_id
    raise HFValidationError(
huggingface_hub.errors.HFValidationError: Repo id must be in the form 'repo_name' or 'namespace/repo_name': './hf/2_13b_2bit'. Use `repo_type` argument if needed.

The above exception was the direct cause of the following exception:

Traceback (most recent call last):
  File "<frozen runpy>", line 198, in _run_module_as_main
  File "<frozen runpy>", line 88, in _run_code
  File "/home/jgryu/Weight_compression/qtip/eval/eval_ppl.py", line 74, in <module>
    main(args)
  File "/home/jgryu/Weight_compression/qtip/eval/eval_ppl.py", line 29, in main
    model, model_str = model_from_hf_path(args.hf_path, max_mem_ratio=args.max_mem_ratio)
                       ^^^^^^^^^^^^^^^^^^^^^^^^^^^^^^^^^^^^^^^^^^^^^^^^^^^^^^^^^^^^^^^^^^
  File "/home/jgryu/Weight_compression/qtip/lib/utils/unsafe_import.py", line 16, in model_from_hf_path
    bad_config = transformers.AutoConfig.from_pretrained(path)
                 ^^^^^^^^^^^^^^^^^^^^^^^^^^^^^^^^^^^^^^^^^^^^^
  File "/opt/conda/lib/python3.11/site-packages/transformers/models/auto/configuration_auto.py", line 1006, in from_pretrained
    config_dict, unused_kwargs = PretrainedConfig.get_config_dict(pretrained_model_name_or_path, **kwargs)
                                 ^^^^^^^^^^^^^^^^^^^^^^^^^^^^^^^^^^^^^^^^^^^^^^^^^^^^^^^^^^^^^^^^^^^^^^^^^
  File "/opt/conda/lib/python3.11/site-packages/transformers/configuration_utils.py", line 570, in get_config_dict
    config_dict, kwargs = cls._get_config_dict(pretrained_model_name_or_path, **kwargs)
                          ^^^^^^^^^^^^^^^^^^^^^^^^^^^^^^^^^^^^^^^^^^^^^^^^^^^^^^^^^^^^^
  File "/opt/conda/lib/python3.11/site-packages/transformers/configuration_utils.py", line 629, in _get_config_dict
    resolved_config_file = cached_file(
                           ^^^^^^^^^^^^
  File "/opt/conda/lib/python3.11/site-packages/transformers/utils/hub.py", line 469, in cached_file
    raise EnvironmentError(
OSError: Incorrect path_or_model_id: './hf/2_13b_2bit'. Please provide either the path to a local folder or the repo_id of a model on the Hub.
Traceback (most recent call last):
  File "/opt/conda/lib/python3.11/site-packages/transformers/utils/hub.py", line 403, in cached_file
    resolved_file = hf_hub_download(
                    ^^^^^^^^^^^^^^^^
  File "/opt/conda/lib/python3.11/site-packages/huggingface_hub/utils/_deprecation.py", line 101, in inner_f
    return f(*args, **kwargs)
           ^^^^^^^^^^^^^^^^^^
  File "/opt/conda/lib/python3.11/site-packages/huggingface_hub/utils/_validators.py", line 106, in _inner_fn
    validate_repo_id(arg_value)
  File "/opt/conda/lib/python3.11/site-packages/huggingface_hub/utils/_validators.py", line 154, in validate_repo_id
    raise HFValidationError(
huggingface_hub.errors.HFValidationError: Repo id must be in the form 'repo_name' or 'namespace/repo_name': './hf/2_13b_2bit'. Use `repo_type` argument if needed.

The above exception was the direct cause of the following exception:

Traceback (most recent call last):
  File "<frozen runpy>", line 198, in _run_module_as_main
  File "<frozen runpy>", line 88, in _run_code
  File "/home/jgryu/Weight_compression/qtip/eval/eval_ppl.py", line 74, in <module>
    main(args)
  File "/home/jgryu/Weight_compression/qtip/eval/eval_ppl.py", line 29, in main
    model, model_str = model_from_hf_path(args.hf_path, max_mem_ratio=args.max_mem_ratio)
                       ^^^^^^^^^^^^^^^^^^^^^^^^^^^^^^^^^^^^^^^^^^^^^^^^^^^^^^^^^^^^^^^^^^
  File "/home/jgryu/Weight_compression/qtip/lib/utils/unsafe_import.py", line 16, in model_from_hf_path
    bad_config = transformers.AutoConfig.from_pretrained(path)
                 ^^^^^^^^^^^^^^^^^^^^^^^^^^^^^^^^^^^^^^^^^^^^^
  File "/opt/conda/lib/python3.11/site-packages/transformers/models/auto/configuration_auto.py", line 1006, in from_pretrained
    config_dict, unused_kwargs = PretrainedConfig.get_config_dict(pretrained_model_name_or_path, **kwargs)
                                 ^^^^^^^^^^^^^^^^^^^^^^^^^^^^^^^^^^^^^^^^^^^^^^^^^^^^^^^^^^^^^^^^^^^^^^^^^
  File "/opt/conda/lib/python3.11/site-packages/transformers/configuration_utils.py", line 570, in get_config_dict
    config_dict, kwargs = cls._get_config_dict(pretrained_model_name_or_path, **kwargs)
                          ^^^^^^^^^^^^^^^^^^^^^^^^^^^^^^^^^^^^^^^^^^^^^^^^^^^^^^^^^^^^^
  File "/opt/conda/lib/python3.11/site-packages/transformers/configuration_utils.py", line 629, in _get_config_dict
    resolved_config_file = cached_file(
                           ^^^^^^^^^^^^
  File "/opt/conda/lib/python3.11/site-packages/transformers/utils/hub.py", line 469, in cached_file
    raise EnvironmentError(
OSError: Incorrect path_or_model_id: './hf/2_13b_2bit'. Please provide either the path to a local folder or the repo_id of a model on the Hub.
  0%|          | 0/166 [00:00<?, ?it/s]W0217 04:09:05.599000 140247477495616 torch/fx/experimental/symbolic_shapes.py:4449] [0/0] q5 is not in var_ranges, defaulting to unknown range.
W0217 04:09:05.600000 140247477495616 torch/fx/experimental/symbolic_shapes.py:4449] [0/0] q2 is not in var_ranges, defaulting to unknown range.
W0217 04:09:05.600000 140247477495616 torch/fx/experimental/symbolic_shapes.py:4449] [0/0] q4 is not in var_ranges, defaulting to unknown range.
W0217 04:09:05.600000 140247477495616 torch/fx/experimental/symbolic_shapes.py:4449] [0/0] q3 is not in var_ranges, defaulting to unknown range.
W0217 04:09:05.600000 140247477495616 torch/fx/experimental/symbolic_shapes.py:4449] [0/0] q6 is not in var_ranges, defaulting to unknown range.
W0217 04:09:05.600000 140247477495616 torch/fx/experimental/symbolic_shapes.py:4449] [0/0] q0 is not in var_ranges, defaulting to unknown range.
W0217 04:09:05.600000 140247477495616 torch/fx/experimental/symbolic_shapes.py:4449] [0/0] q1 is not in var_ranges, defaulting to unknown range.
W0217 04:09:05.624000 140247477495616 torch/fx/experimental/symbolic_shapes.py:4449] [0/0] q5 is not in var_ranges, defaulting to unknown range.
W0217 04:09:05.624000 140247477495616 torch/fx/experimental/symbolic_shapes.py:4449] [0/0] q2 is not in var_ranges, defaulting to unknown range.
W0217 04:09:05.624000 140247477495616 torch/fx/experimental/symbolic_shapes.py:4449] [0/0] q4 is not in var_ranges, defaulting to unknown range.
W0217 04:09:05.624000 140247477495616 torch/fx/experimental/symbolic_shapes.py:4449] [0/0] q6 is not in var_ranges, defaulting to unknown range.
W0217 04:09:05.625000 140247477495616 torch/fx/experimental/symbolic_shapes.py:4449] [0/0] q1 is not in var_ranges, defaulting to unknown range.
W0217 04:09:05.884000 140247477495616 torch/fx/experimental/symbolic_shapes.py:4449] [0/0] q5 is not in var_ranges, defaulting to unknown range.
W0217 04:09:05.884000 140247477495616 torch/fx/experimental/symbolic_shapes.py:4449] [0/0] q2 is not in var_ranges, defaulting to unknown range.
W0217 04:09:05.884000 140247477495616 torch/fx/experimental/symbolic_shapes.py:4449] [0/0] q4 is not in var_ranges, defaulting to unknown range.
W0217 04:09:05.884000 140247477495616 torch/fx/experimental/symbolic_shapes.py:4449] [0/0] q6 is not in var_ranges, defaulting to unknown range.
W0217 04:09:05.884000 140247477495616 torch/fx/experimental/symbolic_shapes.py:4449] [0/0] q1 is not in var_ranges, defaulting to unknown range.
W0217 04:09:06.656000 140247477495616 torch/fx/experimental/symbolic_shapes.py:4449] [0/0] z1 is not in var_ranges, defaulting to unknown range.
W0217 04:09:06.656000 140247477495616 torch/fx/experimental/symbolic_shapes.py:4449] [0/0] z5 is not in var_ranges, defaulting to unknown range.
W0217 04:09:06.656000 140247477495616 torch/fx/experimental/symbolic_shapes.py:4449] [0/0] z2 is not in var_ranges, defaulting to unknown range.
W0217 04:09:06.656000 140247477495616 torch/fx/experimental/symbolic_shapes.py:4449] [0/0] z3 is not in var_ranges, defaulting to unknown range.
W0217 04:09:06.657000 140247477495616 torch/fx/experimental/symbolic_shapes.py:4449] [0/0] z4 is not in var_ranges, defaulting to unknown range.
W0217 04:09:06.657000 140247477495616 torch/fx/experimental/symbolic_shapes.py:4449] [0/0] z0 is not in var_ranges, defaulting to unknown range.
W0217 04:09:06.657000 140247477495616 torch/fx/experimental/symbolic_shapes.py:4449] [0/0] z6 is not in var_ranges, defaulting to unknown range.
W0217 04:09:06.673000 140247477495616 torch/fx/experimental/symbolic_shapes.py:4449] [0/0] z1 is not in var_ranges, defaulting to unknown range.
W0217 04:09:06.673000 140247477495616 torch/fx/experimental/symbolic_shapes.py:4449] [0/0] z5 is not in var_ranges, defaulting to unknown range.
W0217 04:09:06.673000 140247477495616 torch/fx/experimental/symbolic_shapes.py:4449] [0/0] z2 is not in var_ranges, defaulting to unknown range.
W0217 04:09:06.674000 140247477495616 torch/fx/experimental/symbolic_shapes.py:4449] [0/0] z4 is not in var_ranges, defaulting to unknown range.
W0217 04:09:06.674000 140247477495616 torch/fx/experimental/symbolic_shapes.py:4449] [0/0] z6 is not in var_ranges, defaulting to unknown range.
W0217 04:09:06.859000 140247477495616 torch/fx/experimental/symbolic_shapes.py:4449] [0/0] z1 is not in var_ranges, defaulting to unknown range.
W0217 04:09:06.859000 140247477495616 torch/fx/experimental/symbolic_shapes.py:4449] [0/0] z5 is not in var_ranges, defaulting to unknown range.
W0217 04:09:06.859000 140247477495616 torch/fx/experimental/symbolic_shapes.py:4449] [0/0] z2 is not in var_ranges, defaulting to unknown range.
W0217 04:09:06.859000 140247477495616 torch/fx/experimental/symbolic_shapes.py:4449] [0/0] z4 is not in var_ranges, defaulting to unknown range.
W0217 04:09:06.859000 140247477495616 torch/fx/experimental/symbolic_shapes.py:4449] [0/0] z6 is not in var_ranges, defaulting to unknown range.
W0217 04:09:08.360000 140247477495616 torch/fx/experimental/symbolic_shapes.py:4449] [0/0] x4 is not in var_ranges, defaulting to unknown range.
W0217 04:09:08.360000 140247477495616 torch/fx/experimental/symbolic_shapes.py:4449] [0/0] x6 is not in var_ranges, defaulting to unknown range.
W0217 04:09:08.360000 140247477495616 torch/fx/experimental/symbolic_shapes.py:4449] [0/0] x1 is not in var_ranges, defaulting to unknown range.
W0217 04:09:08.360000 140247477495616 torch/fx/experimental/symbolic_shapes.py:4449] [0/0] x3 is not in var_ranges, defaulting to unknown range.
W0217 04:09:08.360000 140247477495616 torch/fx/experimental/symbolic_shapes.py:4449] [0/0] x2 is not in var_ranges, defaulting to unknown range.
W0217 04:09:08.360000 140247477495616 torch/fx/experimental/symbolic_shapes.py:4449] [0/0] x0 is not in var_ranges, defaulting to unknown range.
W0217 04:09:08.361000 140247477495616 torch/fx/experimental/symbolic_shapes.py:4449] [0/0] x5 is not in var_ranges, defaulting to unknown range.
W0217 04:09:08.377000 140247477495616 torch/fx/experimental/symbolic_shapes.py:4449] [0/0] x4 is not in var_ranges, defaulting to unknown range.
W0217 04:09:08.377000 140247477495616 torch/fx/experimental/symbolic_shapes.py:4449] [0/0] x1 is not in var_ranges, defaulting to unknown range.
W0217 04:09:08.377000 140247477495616 torch/fx/experimental/symbolic_shapes.py:4449] [0/0] x2 is not in var_ranges, defaulting to unknown range.
W0217 04:09:08.377000 140247477495616 torch/fx/experimental/symbolic_shapes.py:4449] [0/0] x0 is not in var_ranges, defaulting to unknown range.
W0217 04:09:08.377000 140247477495616 torch/fx/experimental/symbolic_shapes.py:4449] [0/0] x5 is not in var_ranges, defaulting to unknown range.
W0217 04:09:09.160000 140247477495616 torch/fx/experimental/symbolic_shapes.py:4449] [0/0] x4 is not in var_ranges, defaulting to unknown range.
W0217 04:09:09.160000 140247477495616 torch/fx/experimental/symbolic_shapes.py:4449] [0/0] x1 is not in var_ranges, defaulting to unknown range.
W0217 04:09:09.160000 140247477495616 torch/fx/experimental/symbolic_shapes.py:4449] [0/0] x2 is not in var_ranges, defaulting to unknown range.
W0217 04:09:09.160000 140247477495616 torch/fx/experimental/symbolic_shapes.py:4449] [0/0] x0 is not in var_ranges, defaulting to unknown range.
W0217 04:09:09.160000 140247477495616 torch/fx/experimental/symbolic_shapes.py:4449] [0/0] x5 is not in var_ranges, defaulting to unknown range.
W0217 04:09:13.127000 140247477495616 torch/fx/experimental/symbolic_shapes.py:4449] [0/1] q5 is not in var_ranges, defaulting to unknown range.
W0217 04:09:13.127000 140247477495616 torch/fx/experimental/symbolic_shapes.py:4449] [0/1] q2 is not in var_ranges, defaulting to unknown range.
W0217 04:09:13.128000 140247477495616 torch/fx/experimental/symbolic_shapes.py:4449] [0/1] q4 is not in var_ranges, defaulting to unknown range.
W0217 04:09:13.128000 140247477495616 torch/fx/experimental/symbolic_shapes.py:4449] [0/1] q3 is not in var_ranges, defaulting to unknown range.
W0217 04:09:13.128000 140247477495616 torch/fx/experimental/symbolic_shapes.py:4449] [0/1] q1 is not in var_ranges, defaulting to unknown range.
W0217 04:09:13.128000 140247477495616 torch/fx/experimental/symbolic_shapes.py:4449] [0/1] q6 is not in var_ranges, defaulting to unknown range.
W0217 04:09:13.128000 140247477495616 torch/fx/experimental/symbolic_shapes.py:4449] [0/1] q0 is not in var_ranges, defaulting to unknown range.
W0217 04:09:13.155000 140247477495616 torch/fx/experimental/symbolic_shapes.py:4449] [0/1] q5 is not in var_ranges, defaulting to unknown range.
W0217 04:09:13.155000 140247477495616 torch/fx/experimental/symbolic_shapes.py:4449] [0/1] q2 is not in var_ranges, defaulting to unknown range.
W0217 04:09:13.155000 140247477495616 torch/fx/experimental/symbolic_shapes.py:4449] [0/1] q4 is not in var_ranges, defaulting to unknown range.
W0217 04:09:13.155000 140247477495616 torch/fx/experimental/symbolic_shapes.py:4449] [0/1] q6 is not in var_ranges, defaulting to unknown range.
W0217 04:09:13.155000 140247477495616 torch/fx/experimental/symbolic_shapes.py:4449] [0/1] q1 is not in var_ranges, defaulting to unknown range.
W0217 04:09:13.309000 140247477495616 torch/fx/experimental/symbolic_shapes.py:4449] [0/1] q5 is not in var_ranges, defaulting to unknown range.
W0217 04:09:13.309000 140247477495616 torch/fx/experimental/symbolic_shapes.py:4449] [0/1] q2 is not in var_ranges, defaulting to unknown range.
W0217 04:09:13.309000 140247477495616 torch/fx/experimental/symbolic_shapes.py:4449] [0/1] q4 is not in var_ranges, defaulting to unknown range.
W0217 04:09:13.309000 140247477495616 torch/fx/experimental/symbolic_shapes.py:4449] [0/1] q6 is not in var_ranges, defaulting to unknown range.
W0217 04:09:13.309000 140247477495616 torch/fx/experimental/symbolic_shapes.py:4449] [0/1] q1 is not in var_ranges, defaulting to unknown range.
W0217 04:09:13.513000 140247477495616 torch/fx/experimental/symbolic_shapes.py:4449] [0/1] z5 is not in var_ranges, defaulting to unknown range.
W0217 04:09:13.513000 140247477495616 torch/fx/experimental/symbolic_shapes.py:4449] [0/1] z2 is not in var_ranges, defaulting to unknown range.
W0217 04:09:13.513000 140247477495616 torch/fx/experimental/symbolic_shapes.py:4449] [0/1] z4 is not in var_ranges, defaulting to unknown range.
W0217 04:09:13.513000 140247477495616 torch/fx/experimental/symbolic_shapes.py:4449] [0/1] z6 is not in var_ranges, defaulting to unknown range.
W0217 04:09:13.513000 140247477495616 torch/fx/experimental/symbolic_shapes.py:4449] [0/1] z1 is not in var_ranges, defaulting to unknown range.
W0217 04:09:13.513000 140247477495616 torch/fx/experimental/symbolic_shapes.py:4449] [0/1] z3 is not in var_ranges, defaulting to unknown range.
W0217 04:09:13.514000 140247477495616 torch/fx/experimental/symbolic_shapes.py:4449] [0/1] z0 is not in var_ranges, defaulting to unknown range.
W0217 04:09:13.533000 140247477495616 torch/fx/experimental/symbolic_shapes.py:4449] [0/1] z1 is not in var_ranges, defaulting to unknown range.
W0217 04:09:13.533000 140247477495616 torch/fx/experimental/symbolic_shapes.py:4449] [0/1] z5 is not in var_ranges, defaulting to unknown range.
W0217 04:09:13.533000 140247477495616 torch/fx/experimental/symbolic_shapes.py:4449] [0/1] z2 is not in var_ranges, defaulting to unknown range.
W0217 04:09:13.534000 140247477495616 torch/fx/experimental/symbolic_shapes.py:4449] [0/1] z4 is not in var_ranges, defaulting to unknown range.
W0217 04:09:13.534000 140247477495616 torch/fx/experimental/symbolic_shapes.py:4449] [0/1] z6 is not in var_ranges, defaulting to unknown range.
W0217 04:09:13.592000 140247477495616 torch/fx/experimental/symbolic_shapes.py:4449] [0/1] z1 is not in var_ranges, defaulting to unknown range.
W0217 04:09:13.592000 140247477495616 torch/fx/experimental/symbolic_shapes.py:4449] [0/1] z5 is not in var_ranges, defaulting to unknown range.
W0217 04:09:13.593000 140247477495616 torch/fx/experimental/symbolic_shapes.py:4449] [0/1] z2 is not in var_ranges, defaulting to unknown range.
W0217 04:09:13.593000 140247477495616 torch/fx/experimental/symbolic_shapes.py:4449] [0/1] z4 is not in var_ranges, defaulting to unknown range.
W0217 04:09:13.593000 140247477495616 torch/fx/experimental/symbolic_shapes.py:4449] [0/1] z6 is not in var_ranges, defaulting to unknown range.
W0217 04:09:14.260000 140247477495616 torch/fx/experimental/symbolic_shapes.py:4449] [0/1] ps0 is not in var_ranges, defaulting to unknown range.
W0217 04:09:14.544000 140247477495616 torch/fx/experimental/symbolic_shapes.py:4449] [0/1] x4 is not in var_ranges, defaulting to unknown range.
W0217 04:09:14.544000 140247477495616 torch/fx/experimental/symbolic_shapes.py:4449] [0/1] x6 is not in var_ranges, defaulting to unknown range.
W0217 04:09:14.544000 140247477495616 torch/fx/experimental/symbolic_shapes.py:4449] [0/1] x2 is not in var_ranges, defaulting to unknown range.
W0217 04:09:14.544000 140247477495616 torch/fx/experimental/symbolic_shapes.py:4449] [0/1] x0 is not in var_ranges, defaulting to unknown range.
W0217 04:09:14.544000 140247477495616 torch/fx/experimental/symbolic_shapes.py:4449] [0/1] x5 is not in var_ranges, defaulting to unknown range.
W0217 04:09:14.544000 140247477495616 torch/fx/experimental/symbolic_shapes.py:4449] [0/1] x1 is not in var_ranges, defaulting to unknown range.
W0217 04:09:14.544000 140247477495616 torch/fx/experimental/symbolic_shapes.py:4449] [0/1] x3 is not in var_ranges, defaulting to unknown range.
W0217 04:09:14.564000 140247477495616 torch/fx/experimental/symbolic_shapes.py:4449] [0/1] x4 is not in var_ranges, defaulting to unknown range.
W0217 04:09:14.565000 140247477495616 torch/fx/experimental/symbolic_shapes.py:4449] [0/1] x1 is not in var_ranges, defaulting to unknown range.
W0217 04:09:14.565000 140247477495616 torch/fx/experimental/symbolic_shapes.py:4449] [0/1] x2 is not in var_ranges, defaulting to unknown range.
W0217 04:09:14.565000 140247477495616 torch/fx/experimental/symbolic_shapes.py:4449] [0/1] x0 is not in var_ranges, defaulting to unknown range.
W0217 04:09:14.565000 140247477495616 torch/fx/experimental/symbolic_shapes.py:4449] [0/1] x5 is not in var_ranges, defaulting to unknown range.
W0217 04:09:14.793000 140247477495616 torch/fx/experimental/symbolic_shapes.py:4449] [0/1] x4 is not in var_ranges, defaulting to unknown range.
W0217 04:09:14.794000 140247477495616 torch/fx/experimental/symbolic_shapes.py:4449] [0/1] x1 is not in var_ranges, defaulting to unknown range.
W0217 04:09:14.794000 140247477495616 torch/fx/experimental/symbolic_shapes.py:4449] [0/1] x2 is not in var_ranges, defaulting to unknown range.
W0217 04:09:14.794000 140247477495616 torch/fx/experimental/symbolic_shapes.py:4449] [0/1] x0 is not in var_ranges, defaulting to unknown range.
W0217 04:09:14.794000 140247477495616 torch/fx/experimental/symbolic_shapes.py:4449] [0/1] x5 is not in var_ranges, defaulting to unknown range.
W0217 04:09:15.109000 140247477495616 torch/fx/experimental/symbolic_shapes.py:4449] [0/1] ps0 is not in var_ranges, defaulting to unknown range.
W0217 04:09:19.539000 140247477495616 torch/fx/experimental/symbolic_shapes.py:4449] [0/2] q5 is not in var_ranges, defaulting to unknown range.
W0217 04:09:19.539000 140247477495616 torch/fx/experimental/symbolic_shapes.py:4449] [0/2] q2 is not in var_ranges, defaulting to unknown range.
W0217 04:09:19.539000 140247477495616 torch/fx/experimental/symbolic_shapes.py:4449] [0/2] q4 is not in var_ranges, defaulting to unknown range.
W0217 04:09:19.539000 140247477495616 torch/fx/experimental/symbolic_shapes.py:4449] [0/2] q3 is not in var_ranges, defaulting to unknown range.
W0217 04:09:19.540000 140247477495616 torch/fx/experimental/symbolic_shapes.py:4449] [0/2] q1 is not in var_ranges, defaulting to unknown range.
W0217 04:09:19.540000 140247477495616 torch/fx/experimental/symbolic_shapes.py:4449] [0/2] q6 is not in var_ranges, defaulting to unknown range.
W0217 04:09:19.540000 140247477495616 torch/fx/experimental/symbolic_shapes.py:4449] [0/2] q0 is not in var_ranges, defaulting to unknown range.
W0217 04:09:19.578000 140247477495616 torch/fx/experimental/symbolic_shapes.py:4449] [0/2] q5 is not in var_ranges, defaulting to unknown range.
W0217 04:09:19.578000 140247477495616 torch/fx/experimental/symbolic_shapes.py:4449] [0/2] q2 is not in var_ranges, defaulting to unknown range.
W0217 04:09:19.578000 140247477495616 torch/fx/experimental/symbolic_shapes.py:4449] [0/2] q4 is not in var_ranges, defaulting to unknown range.
W0217 04:09:19.579000 140247477495616 torch/fx/experimental/symbolic_shapes.py:4449] [0/2] q6 is not in var_ranges, defaulting to unknown range.
W0217 04:09:19.579000 140247477495616 torch/fx/experimental/symbolic_shapes.py:4449] [0/2] q1 is not in var_ranges, defaulting to unknown range.
W0217 04:09:19.735000 140247477495616 torch/fx/experimental/symbolic_shapes.py:4449] [0/2] q5 is not in var_ranges, defaulting to unknown range.
W0217 04:09:19.736000 140247477495616 torch/fx/experimental/symbolic_shapes.py:4449] [0/2] q2 is not in var_ranges, defaulting to unknown range.
W0217 04:09:19.736000 140247477495616 torch/fx/experimental/symbolic_shapes.py:4449] [0/2] q4 is not in var_ranges, defaulting to unknown range.
W0217 04:09:19.736000 140247477495616 torch/fx/experimental/symbolic_shapes.py:4449] [0/2] q6 is not in var_ranges, defaulting to unknown range.
W0217 04:09:19.736000 140247477495616 torch/fx/experimental/symbolic_shapes.py:4449] [0/2] q1 is not in var_ranges, defaulting to unknown range.
W0217 04:09:20.018000 140247477495616 torch/fx/experimental/symbolic_shapes.py:4449] [0/2] z5 is not in var_ranges, defaulting to unknown range.
W0217 04:09:20.018000 140247477495616 torch/fx/experimental/symbolic_shapes.py:4449] [0/2] z2 is not in var_ranges, defaulting to unknown range.
W0217 04:09:20.018000 140247477495616 torch/fx/experimental/symbolic_shapes.py:4449] [0/2] z4 is not in var_ranges, defaulting to unknown range.
W0217 04:09:20.018000 140247477495616 torch/fx/experimental/symbolic_shapes.py:4449] [0/2] z6 is not in var_ranges, defaulting to unknown range.
W0217 04:09:20.019000 140247477495616 torch/fx/experimental/symbolic_shapes.py:4449] [0/2] z1 is not in var_ranges, defaulting to unknown range.
W0217 04:09:20.019000 140247477495616 torch/fx/experimental/symbolic_shapes.py:4449] [0/2] z3 is not in var_ranges, defaulting to unknown range.
W0217 04:09:20.019000 140247477495616 torch/fx/experimental/symbolic_shapes.py:4449] [0/2] z0 is not in var_ranges, defaulting to unknown range.
W0217 04:09:20.049000 140247477495616 torch/fx/experimental/symbolic_shapes.py:4449] [0/2] z1 is not in var_ranges, defaulting to unknown range.
W0217 04:09:20.049000 140247477495616 torch/fx/experimental/symbolic_shapes.py:4449] [0/2] z5 is not in var_ranges, defaulting to unknown range.
W0217 04:09:20.049000 140247477495616 torch/fx/experimental/symbolic_shapes.py:4449] [0/2] z2 is not in var_ranges, defaulting to unknown range.
W0217 04:09:20.050000 140247477495616 torch/fx/experimental/symbolic_shapes.py:4449] [0/2] z4 is not in var_ranges, defaulting to unknown range.
W0217 04:09:20.050000 140247477495616 torch/fx/experimental/symbolic_shapes.py:4449] [0/2] z6 is not in var_ranges, defaulting to unknown range.
W0217 04:09:20.111000 140247477495616 torch/fx/experimental/symbolic_shapes.py:4449] [0/2] z1 is not in var_ranges, defaulting to unknown range.
W0217 04:09:20.111000 140247477495616 torch/fx/experimental/symbolic_shapes.py:4449] [0/2] z5 is not in var_ranges, defaulting to unknown range.
W0217 04:09:20.111000 140247477495616 torch/fx/experimental/symbolic_shapes.py:4449] [0/2] z2 is not in var_ranges, defaulting to unknown range.
W0217 04:09:20.112000 140247477495616 torch/fx/experimental/symbolic_shapes.py:4449] [0/2] z4 is not in var_ranges, defaulting to unknown range.
W0217 04:09:20.112000 140247477495616 torch/fx/experimental/symbolic_shapes.py:4449] [0/2] z6 is not in var_ranges, defaulting to unknown range.
W0217 04:09:20.975000 140247477495616 torch/fx/experimental/symbolic_shapes.py:4449] [0/2] ps2 is not in var_ranges, defaulting to unknown range.
W0217 04:09:20.986000 140247477495616 torch/fx/experimental/symbolic_shapes.py:4449] [0/2] ps2 is not in var_ranges, defaulting to unknown range.
W0217 04:09:20.994000 140247477495616 torch/fx/experimental/symbolic_shapes.py:4449] [0/2] ps2 is not in var_ranges, defaulting to unknown range.
W0217 04:09:20.994000 140247477495616 torch/fx/experimental/symbolic_shapes.py:4449] [0/2] ps0 is not in var_ranges, defaulting to unknown range.
W0217 04:09:21.398000 140247477495616 torch/fx/experimental/symbolic_shapes.py:4449] [0/2] x4 is not in var_ranges, defaulting to unknown range.
W0217 04:09:21.398000 140247477495616 torch/fx/experimental/symbolic_shapes.py:4449] [0/2] x6 is not in var_ranges, defaulting to unknown range.
W0217 04:09:21.398000 140247477495616 torch/fx/experimental/symbolic_shapes.py:4449] [0/2] x2 is not in var_ranges, defaulting to unknown range.
W0217 04:09:21.398000 140247477495616 torch/fx/experimental/symbolic_shapes.py:4449] [0/2] x0 is not in var_ranges, defaulting to unknown range.
W0217 04:09:21.398000 140247477495616 torch/fx/experimental/symbolic_shapes.py:4449] [0/2] x5 is not in var_ranges, defaulting to unknown range.
W0217 04:09:21.398000 140247477495616 torch/fx/experimental/symbolic_shapes.py:4449] [0/2] x1 is not in var_ranges, defaulting to unknown range.
W0217 04:09:21.398000 140247477495616 torch/fx/experimental/symbolic_shapes.py:4449] [0/2] x3 is not in var_ranges, defaulting to unknown range.
W0217 04:09:21.426000 140247477495616 torch/fx/experimental/symbolic_shapes.py:4449] [0/2] x4 is not in var_ranges, defaulting to unknown range.
W0217 04:09:21.427000 140247477495616 torch/fx/experimental/symbolic_shapes.py:4449] [0/2] x1 is not in var_ranges, defaulting to unknown range.
W0217 04:09:21.427000 140247477495616 torch/fx/experimental/symbolic_shapes.py:4449] [0/2] x2 is not in var_ranges, defaulting to unknown range.
W0217 04:09:21.427000 140247477495616 torch/fx/experimental/symbolic_shapes.py:4449] [0/2] x0 is not in var_ranges, defaulting to unknown range.
W0217 04:09:21.427000 140247477495616 torch/fx/experimental/symbolic_shapes.py:4449] [0/2] x5 is not in var_ranges, defaulting to unknown range.
W0217 04:09:21.690000 140247477495616 torch/fx/experimental/symbolic_shapes.py:4449] [0/2] ps2 is not in var_ranges, defaulting to unknown range.
W0217 04:09:21.690000 140247477495616 torch/fx/experimental/symbolic_shapes.py:4449] [0/2] x4 is not in var_ranges, defaulting to unknown range.
W0217 04:09:21.690000 140247477495616 torch/fx/experimental/symbolic_shapes.py:4449] [0/2] x6 is not in var_ranges, defaulting to unknown range.
W0217 04:09:21.691000 140247477495616 torch/fx/experimental/symbolic_shapes.py:4449] [0/2] x2 is not in var_ranges, defaulting to unknown range.
W0217 04:09:21.691000 140247477495616 torch/fx/experimental/symbolic_shapes.py:4449] [0/2] x0 is not in var_ranges, defaulting to unknown range.
W0217 04:09:21.691000 140247477495616 torch/fx/experimental/symbolic_shapes.py:4449] [0/2] x5 is not in var_ranges, defaulting to unknown range.
W0217 04:09:21.691000 140247477495616 torch/fx/experimental/symbolic_shapes.py:4449] [0/2] x1 is not in var_ranges, defaulting to unknown range.
W0217 04:09:21.691000 140247477495616 torch/fx/experimental/symbolic_shapes.py:4449] [0/2] x3 is not in var_ranges, defaulting to unknown range.
W0217 04:09:21.951000 140247477495616 torch/fx/experimental/symbolic_shapes.py:4449] [0/2] x4 is not in var_ranges, defaulting to unknown range.
W0217 04:09:21.951000 140247477495616 torch/fx/experimental/symbolic_shapes.py:4449] [0/2] x1 is not in var_ranges, defaulting to unknown range.
W0217 04:09:21.952000 140247477495616 torch/fx/experimental/symbolic_shapes.py:4449] [0/2] x2 is not in var_ranges, defaulting to unknown range.
W0217 04:09:21.952000 140247477495616 torch/fx/experimental/symbolic_shapes.py:4449] [0/2] x0 is not in var_ranges, defaulting to unknown range.
W0217 04:09:21.952000 140247477495616 torch/fx/experimental/symbolic_shapes.py:4449] [0/2] x5 is not in var_ranges, defaulting to unknown range.
W0217 04:09:22.333000 140247477495616 torch/fx/experimental/symbolic_shapes.py:4449] [0/2] ps0 is not in var_ranges, defaulting to unknown range.
W0217 04:09:22.338000 140247477495616 torch/fx/experimental/symbolic_shapes.py:4449] [0/2] ps5 is not in var_ranges, defaulting to unknown range.
W0217 04:09:25.605228 187386 logging.py:328] Starting from v4.46, the `logits` model output will have the same type as the model (except at train time, where it will always be FP32)
avg_loss = 1.496604323387146:   0%|          | 0/166 [00:21<?, ?it/s]avg_loss = 1.496604323387146:   1%|          | 1/166 [00:21<59:32, 21.65s/it]avg_loss = 1.752037227153778:   1%|          | 1/166 [00:23<59:32, 21.65s/it]avg_loss = 1.752037227153778:   1%|          | 2/166 [00:23<27:30, 10.06s/it]avg_loss = 1.912127693494161:   1%|          | 2/166 [00:25<27:30, 10.06s/it]avg_loss = 1.912127693494161:   2%|▏         | 3/166 [00:25<17:17,  6.36s/it]avg_loss = 1.9562250673770905:   2%|▏         | 3/166 [00:27<17:17,  6.36s/it]avg_loss = 1.9562250673770905:   2%|▏         | 4/166 [00:27<12:29,  4.63s/it]avg_loss = 1.8807247161865235:   2%|▏         | 4/166 [00:29<12:29,  4.63s/it]avg_loss = 1.8807247161865235:   3%|▎         | 5/166 [00:29<09:50,  3.67s/it]avg_loss = 1.8551082611083984:   3%|▎         | 5/166 [00:31<09:50,  3.67s/it]avg_loss = 1.8551082611083984:   4%|▎         | 6/166 [00:31<08:13,  3.08s/it]avg_loss = 1.794903005872454:   4%|▎         | 6/166 [00:33<08:13,  3.08s/it] avg_loss = 1.794903005872454:   4%|▍         | 7/166 [00:33<07:11,  2.71s/it]avg_loss = 1.736204355955124:   4%|▍         | 7/166 [00:35<07:11,  2.71s/it]avg_loss = 1.736204355955124:   5%|▍         | 8/166 [00:35<06:30,  2.47s/it]avg_loss = 1.7311962180667453:   5%|▍         | 8/166 [00:37<06:30,  2.47s/it]avg_loss = 1.7311962180667453:   5%|▌         | 9/166 [00:37<06:02,  2.31s/it]avg_loss = 1.739935529232025:   5%|▌         | 9/166 [00:39<06:02,  2.31s/it] avg_loss = 1.739935529232025:   6%|▌         | 10/166 [00:39<05:43,  2.20s/it]avg_loss = 1.7544559023597024:   6%|▌         | 10/166 [00:41<05:43,  2.20s/it]avg_loss = 1.7544559023597024:   7%|▋         | 11/166 [00:41<05:30,  2.13s/it]avg_loss = 1.760455052057902:   7%|▋         | 11/166 [00:43<05:30,  2.13s/it] avg_loss = 1.760455052057902:   7%|▋         | 12/166 [00:43<05:20,  2.08s/it]avg_loss = 1.7529760232338538:   7%|▋         | 12/166 [00:45<05:20,  2.08s/it]avg_loss = 1.7529760232338538:   8%|▊         | 13/166 [00:45<05:13,  2.05s/it]avg_loss = 1.762966820171901:   8%|▊         | 13/166 [00:47<05:13,  2.05s/it] avg_loss = 1.762966820171901:   8%|▊         | 14/166 [00:47<05:08,  2.03s/it]avg_loss = 1.7801410992940268:   8%|▊         | 14/166 [00:49<05:08,  2.03s/it]avg_loss = 1.7801410992940268:   9%|▉         | 15/166 [00:49<05:03,  2.01s/it]avg_loss = 1.7976038455963135:   9%|▉         | 15/166 [00:51<05:03,  2.01s/it]avg_loss = 1.7976038455963135:  10%|▉         | 16/166 [00:51<05:00,  2.00s/it]avg_loss = 1.8061120369855095:  10%|▉         | 16/166 [00:53<05:00,  2.00s/it]avg_loss = 1.8061120369855095:  10%|█         | 17/166 [00:53<04:57,  1.99s/it]avg_loss = 1.8200342787636652:  10%|█         | 17/166 [00:55<04:57,  1.99s/it]avg_loss = 1.8200342787636652:  11%|█         | 18/166 [00:55<04:54,  1.99s/it]avg_loss = 1.838365077972412:  11%|█         | 18/166 [00:57<04:54,  1.99s/it] avg_loss = 1.838365077972412:  11%|█▏        | 19/166 [00:57<04:52,  1.99s/it]avg_loss = 1.8436310172080994:  11%|█▏        | 19/166 [00:59<04:52,  1.99s/it]avg_loss = 1.8436310172080994:  12%|█▏        | 20/166 [00:59<04:49,  1.98s/it]avg_loss = 1.8462867169153123:  12%|█▏        | 20/166 [01:01<04:49,  1.98s/it]avg_loss = 1.8462867169153123:  13%|█▎        | 21/166 [01:01<04:47,  1.98s/it]avg_loss = 1.8357649770649997:  13%|█▎        | 21/166 [01:02<04:47,  1.98s/it]avg_loss = 1.8357649770649997:  13%|█▎        | 22/166 [01:02<04:45,  1.98s/it]avg_loss = 1.8230821775353474:  13%|█▎        | 22/166 [01:04<04:45,  1.98s/it]avg_loss = 1.8230821775353474:  14%|█▍        | 23/166 [01:04<04:43,  1.98s/it]avg_loss = 1.8303108265002568:  14%|█▍        | 23/166 [01:06<04:43,  1.98s/it]avg_loss = 1.8303108265002568:  14%|█▍        | 24/166 [01:06<04:41,  1.98s/it]avg_loss = 1.8369098901748657:  14%|█▍        | 24/166 [01:08<04:41,  1.98s/it]avg_loss = 1.8369098901748657:  15%|█▌        | 25/166 [01:08<04:40,  1.99s/it]avg_loss = 1.8394666818472056:  15%|█▌        | 25/166 [01:10<04:40,  1.99s/it]avg_loss = 1.8394666818472056:  16%|█▌        | 26/166 [01:10<04:38,  1.99s/it]avg_loss = 1.844876695562292:  16%|█▌        | 26/166 [01:12<04:38,  1.99s/it] avg_loss = 1.844876695562292:  16%|█▋        | 27/166 [01:12<04:36,  1.99s/it]avg_loss = 1.8453360966273717:  16%|█▋        | 27/166 [01:14<04:36,  1.99s/it]avg_loss = 1.8453360966273717:  17%|█▋        | 28/166 [01:14<04:34,  1.99s/it]avg_loss = 1.8543349463364174:  17%|█▋        | 28/166 [01:16<04:34,  1.99s/it]avg_loss = 1.8543349463364174:  17%|█▋        | 29/166 [01:16<04:32,  1.99s/it]avg_loss = 1.8556540807088215:  17%|█▋        | 29/166 [01:18<04:32,  1.99s/it]avg_loss = 1.8556540807088215:  18%|█▊        | 30/166 [01:18<04:30,  1.99s/it]avg_loss = 1.8697002010960733:  18%|█▊        | 30/166 [01:20<04:30,  1.99s/it]avg_loss = 1.8697002010960733:  19%|█▊        | 31/166 [01:20<04:28,  1.99s/it]avg_loss = 1.8762194216251373:  19%|█▊        | 31/166 [01:22<04:28,  1.99s/it]avg_loss = 1.8762194216251373:  19%|█▉        | 32/166 [01:22<04:26,  1.99s/it]avg_loss = 1.880555925947247:  19%|█▉        | 32/166 [01:24<04:26,  1.99s/it] avg_loss = 1.880555925947247:  20%|█▉        | 33/166 [01:24<04:25,  1.99s/it]avg_loss = 1.8791513407931608:  20%|█▉        | 33/166 [01:26<04:25,  1.99s/it]avg_loss = 1.8791513407931608:  20%|██        | 34/166 [01:26<04:23,  1.99s/it]avg_loss = 1.8730418818337577:  20%|██        | 34/166 [01:28<04:23,  1.99s/it]avg_loss = 1.8730418818337577:  21%|██        | 35/166 [01:28<04:21,  1.99s/it]avg_loss = 1.8655045562320285:  21%|██        | 35/166 [01:30<04:21,  1.99s/it]avg_loss = 1.8655045562320285:  22%|██▏       | 36/166 [01:30<04:19,  1.99s/it]avg_loss = 1.8560907260791675:  22%|██▏       | 36/166 [01:32<04:19,  1.99s/it]avg_loss = 1.8560907260791675:  22%|██▏       | 37/166 [01:32<04:17,  1.99s/it]avg_loss = 1.8524891200818514:  22%|██▏       | 37/166 [01:34<04:17,  1.99s/it]avg_loss = 1.8524891200818514:  23%|██▎       | 38/166 [01:34<04:15,  1.99s/it]avg_loss = 1.8496844860223622:  23%|██▎       | 38/166 [01:36<04:15,  1.99s/it]avg_loss = 1.8496844860223622:  23%|██▎       | 39/166 [01:36<04:13,  1.99s/it]avg_loss = 1.8532074779272079:  23%|██▎       | 39/166 [01:38<04:13,  1.99s/it]avg_loss = 1.8532074779272079:  24%|██▍       | 40/166 [01:38<04:11,  2.00s/it]avg_loss = 1.8537821827865228:  24%|██▍       | 40/166 [01:40<04:11,  2.00s/it]avg_loss = 1.8537821827865228:  25%|██▍       | 41/166 [01:40<04:09,  2.00s/it]avg_loss = 1.8414612043471563:  25%|██▍       | 41/166 [01:42<04:09,  2.00s/it]avg_loss = 1.8414612043471563:  25%|██▌       | 42/166 [01:42<04:07,  2.00s/it]avg_loss = 1.8258917747541916:  25%|██▌       | 42/166 [01:44<04:07,  2.00s/it]avg_loss = 1.8258917747541916:  26%|██▌       | 43/166 [01:44<04:05,  2.00s/it]avg_loss = 1.8157106177373366:  26%|██▌       | 43/166 [01:46<04:05,  2.00s/it]avg_loss = 1.8157106177373366:  27%|██▋       | 44/166 [01:46<04:03,  2.00s/it]avg_loss = 1.8018560277091131:  27%|██▋       | 44/166 [01:48<04:03,  2.00s/it]avg_loss = 1.8018560277091131:  27%|██▋       | 45/166 [01:48<04:01,  2.00s/it]avg_loss = 1.792593266652978:  27%|██▋       | 45/166 [01:50<04:01,  2.00s/it] avg_loss = 1.792593266652978:  28%|██▊       | 46/166 [01:50<03:59,  2.00s/it]avg_loss = 1.7860668111354747:  28%|██▊       | 46/166 [01:52<03:59,  2.00s/it]avg_loss = 1.7860668111354747:  28%|██▊       | 47/166 [01:52<03:57,  2.00s/it]avg_loss = 1.7872460211316745:  28%|██▊       | 47/166 [01:54<03:57,  2.00s/it]avg_loss = 1.7872460211316745:  29%|██▉       | 48/166 [01:54<03:55,  2.00s/it]avg_loss = 1.7973644319845705:  29%|██▉       | 48/166 [01:56<03:55,  2.00s/it]avg_loss = 1.7973644319845705:  30%|██▉       | 49/166 [01:56<03:53,  2.00s/it]avg_loss = 1.8075172209739685:  30%|██▉       | 49/166 [01:58<03:53,  2.00s/it]avg_loss = 1.8075172209739685:  30%|███       | 50/166 [01:58<03:51,  2.00s/it]avg_loss = 1.8150325031841503:  30%|███       | 50/166 [02:00<03:51,  2.00s/it]avg_loss = 1.8150325031841503:  31%|███       | 51/166 [02:00<03:49,  2.00s/it]avg_loss = 1.8206416345559633:  31%|███       | 51/166 [02:02<03:49,  2.00s/it]avg_loss = 1.8206416345559633:  31%|███▏      | 52/166 [02:02<03:47,  2.00s/it]avg_loss = 1.8238294124603271:  31%|███▏      | 52/166 [02:04<03:47,  2.00s/it]avg_loss = 1.8238294124603271:  32%|███▏      | 53/166 [02:04<03:45,  2.00s/it]avg_loss = 1.8240949754361753:  32%|███▏      | 53/166 [02:06<03:45,  2.00s/it]avg_loss = 1.8240949754361753:  33%|███▎      | 54/166 [02:06<03:43,  2.00s/it]avg_loss = 1.8266436836936257:  33%|███▎      | 54/166 [02:08<03:43,  2.00s/it]avg_loss = 1.8266436836936257:  33%|███▎      | 55/166 [02:08<03:41,  2.00s/it]avg_loss = 1.8298228553363256:  33%|███▎      | 55/166 [02:10<03:41,  2.00s/it]avg_loss = 1.8298228553363256:  34%|███▎      | 56/166 [02:10<03:39,  2.00s/it]avg_loss = 1.8248380882698192:  34%|███▎      | 56/166 [02:12<03:39,  2.00s/it]avg_loss = 1.8248380882698192:  34%|███▍      | 57/166 [02:12<03:37,  2.00s/it]avg_loss = 1.8288282423183835:  34%|███▍      | 57/166 [02:14<03:37,  2.00s/it]avg_loss = 1.8288282423183835:  35%|███▍      | 58/166 [02:14<03:35,  2.00s/it]avg_loss = 1.8275767787028168:  35%|███▍      | 58/166 [02:16<03:35,  2.00s/it]avg_loss = 1.8275767787028168:  36%|███▌      | 59/166 [02:16<03:33,  2.00s/it]avg_loss = 1.8235717137654623:  36%|███▌      | 59/166 [02:18<03:33,  2.00s/it]avg_loss = 1.8235717137654623:  36%|███▌      | 60/166 [02:18<03:31,  2.00s/it]avg_loss = 1.8194194269961999:  36%|███▌      | 60/166 [02:20<03:31,  2.00s/it]avg_loss = 1.8194194269961999:  37%|███▋      | 61/166 [02:20<03:29,  2.00s/it]avg_loss = 1.815559498725399:  37%|███▋      | 61/166 [02:22<03:29,  2.00s/it] avg_loss = 1.815559498725399:  37%|███▋      | 62/166 [02:22<03:27,  2.00s/it]avg_loss = 1.8102816040553744:  37%|███▋      | 62/166 [02:24<03:27,  2.00s/it]avg_loss = 1.8102816040553744:  38%|███▊      | 63/166 [02:24<03:25,  2.00s/it]avg_loss = 1.8060256224125624:  38%|███▊      | 63/166 [02:26<03:25,  2.00s/it]avg_loss = 1.8060256224125624:  39%|███▊      | 64/166 [02:26<03:23,  2.00s/it]avg_loss = 1.7987845475857074:  39%|███▊      | 64/166 [02:28<03:23,  2.00s/it]avg_loss = 1.7987845475857074:  39%|███▉      | 65/166 [02:28<03:21,  2.00s/it]avg_loss = 1.7915246414415764:  39%|███▉      | 65/166 [02:30<03:21,  2.00s/it]avg_loss = 1.7915246414415764:  40%|███▉      | 66/166 [02:30<03:19,  2.00s/it]avg_loss = 1.787733442747771:  40%|███▉      | 66/166 [02:32<03:19,  2.00s/it] avg_loss = 1.787733442747771:  40%|████      | 67/166 [02:32<03:17,  2.00s/it]avg_loss = 1.7865368040168987:  40%|████      | 67/166 [02:34<03:17,  2.00s/it]avg_loss = 1.7865368040168987:  41%|████      | 68/166 [02:34<03:15,  2.00s/it]avg_loss = 1.7882257371708967:  41%|████      | 68/166 [02:36<03:15,  2.00s/it]avg_loss = 1.7882257371708967:  42%|████▏     | 69/166 [02:36<03:13,  2.00s/it]avg_loss = 1.7919374023165022:  42%|████▏     | 69/166 [02:38<03:13,  2.00s/it]avg_loss = 1.7919374023165022:  42%|████▏     | 70/166 [02:38<03:11,  2.00s/it]avg_loss = 1.7959362621038732:  42%|████▏     | 70/166 [02:40<03:11,  2.00s/it]avg_loss = 1.7959362621038732:  43%|████▎     | 71/166 [02:40<03:09,  2.00s/it]avg_loss = 1.80095860030916:  43%|████▎     | 71/166 [02:42<03:09,  2.00s/it]  avg_loss = 1.80095860030916:  43%|████▎     | 72/166 [02:42<03:07,  2.00s/it]avg_loss = 1.8073273129659155:  43%|████▎     | 72/166 [02:44<03:07,  2.00s/it]avg_loss = 1.8073273129659155:  44%|████▍     | 73/166 [02:44<03:05,  2.00s/it]avg_loss = 1.8019859565270913:  44%|████▍     | 73/166 [02:46<03:05,  2.00s/it]avg_loss = 1.8019859565270913:  45%|████▍     | 74/166 [02:46<03:03,  2.00s/it]avg_loss = 1.7978632481892904:  45%|████▍     | 74/166 [02:48<03:03,  2.00s/it]avg_loss = 1.7978632481892904:  45%|████▌     | 75/166 [02:48<03:01,  2.00s/it]avg_loss = 1.797039348828165:  45%|████▌     | 75/166 [02:50<03:01,  2.00s/it] avg_loss = 1.797039348828165:  46%|████▌     | 76/166 [02:50<02:59,  2.00s/it]avg_loss = 1.7940182252363726:  46%|████▌     | 76/166 [02:52<02:59,  2.00s/it]avg_loss = 1.7940182252363726:  46%|████▋     | 77/166 [02:52<02:57,  2.00s/it]avg_loss = 1.7905205365939019:  46%|████▋     | 77/166 [02:54<02:57,  2.00s/it]avg_loss = 1.7905205365939019:  47%|████▋     | 78/166 [02:54<02:55,  2.00s/it]avg_loss = 1.7879872638967973:  47%|████▋     | 78/166 [02:56<02:55,  2.00s/it]avg_loss = 1.7879872638967973:  48%|████▊     | 79/166 [02:56<02:53,  2.00s/it]avg_loss = 1.7845960453152656:  48%|████▊     | 79/166 [02:58<02:53,  2.00s/it]avg_loss = 1.7845960453152656:  48%|████▊     | 80/166 [02:58<02:51,  2.00s/it]avg_loss = 1.7760680442974892:  48%|████▊     | 80/166 [03:00<02:51,  2.00s/it]avg_loss = 1.7760680442974892:  49%|████▉     | 81/166 [03:00<02:49,  2.00s/it]avg_loss = 1.7771405984715718:  49%|████▉     | 81/166 [03:02<02:49,  2.00s/it]avg_loss = 1.7771405984715718:  49%|████▉     | 82/166 [03:02<02:47,  2.00s/it]avg_loss = 1.7785763783627246:  49%|████▉     | 82/166 [03:04<02:47,  2.00s/it]avg_loss = 1.7785763783627246:  50%|█████     | 83/166 [03:04<02:45,  2.00s/it]avg_loss = 1.7813160121440887:  50%|█████     | 83/166 [03:06<02:45,  2.00s/it]avg_loss = 1.7813160121440887:  51%|█████     | 84/166 [03:06<02:43,  2.00s/it]avg_loss = 1.783123912530787:  51%|█████     | 84/166 [03:08<02:43,  2.00s/it] avg_loss = 1.783123912530787:  51%|█████     | 85/166 [03:08<02:41,  2.00s/it]avg_loss = 1.781482688216276:  51%|█████     | 85/166 [03:10<02:41,  2.00s/it]avg_loss = 1.781482688216276:  52%|█████▏    | 86/166 [03:10<02:39,  2.00s/it]avg_loss = 1.78143992095158:  52%|█████▏    | 86/166 [03:12<02:39,  2.00s/it] avg_loss = 1.78143992095158:  52%|█████▏    | 87/166 [03:12<02:37,  2.00s/it]avg_loss = 1.7814676707441157:  52%|█████▏    | 87/166 [03:14<02:37,  2.00s/it]avg_loss = 1.7814676707441157:  53%|█████▎    | 88/166 [03:14<02:35,  2.00s/it]avg_loss = 1.782318029510841:  53%|█████▎    | 88/166 [03:16<02:35,  2.00s/it] avg_loss = 1.782318029510841:  54%|█████▎    | 89/166 [03:16<02:33,  2.00s/it]avg_loss = 1.7822507725821601:  54%|█████▎    | 89/166 [03:18<02:33,  2.00s/it]avg_loss = 1.7822507725821601:  54%|█████▍    | 90/166 [03:18<02:31,  2.00s/it]avg_loss = 1.7827202867675613:  54%|█████▍    | 90/166 [03:20<02:31,  2.00s/it]avg_loss = 1.7827202867675613:  55%|█████▍    | 91/166 [03:20<02:29,  2.00s/it]avg_loss = 1.7832841665848442:  55%|█████▍    | 91/166 [03:22<02:29,  2.00s/it]avg_loss = 1.7832841665848442:  55%|█████▌    | 92/166 [03:22<02:27,  2.00s/it]avg_loss = 1.78674481761071:  55%|█████▌    | 92/166 [03:24<02:27,  2.00s/it]  avg_loss = 1.78674481761071:  56%|█████▌    | 93/166 [03:24<02:25,  2.00s/it]avg_loss = 1.7854543873604307:  56%|█████▌    | 93/166 [03:26<02:25,  2.00s/it]avg_loss = 1.7854543873604307:  57%|█████▋    | 94/166 [03:26<02:23,  2.00s/it]avg_loss = 1.7843132445686742:  57%|█████▋    | 94/166 [03:28<02:23,  2.00s/it]avg_loss = 1.7843132445686742:  57%|█████▋    | 95/166 [03:28<02:21,  2.00s/it]avg_loss = 1.7833444438874722:  57%|█████▋    | 95/166 [03:30<02:21,  2.00s/it]avg_loss = 1.7833444438874722:  58%|█████▊    | 96/166 [03:30<02:19,  2.00s/it]avg_loss = 1.7826290941729988:  58%|█████▊    | 96/166 [03:32<02:19,  2.00s/it]avg_loss = 1.7826290941729988:  58%|█████▊    | 97/166 [03:32<02:17,  2.00s/it]avg_loss = 1.7809242849447289:  58%|█████▊    | 97/166 [03:34<02:17,  2.00s/it]avg_loss = 1.7809242849447289:  59%|█████▉    | 98/166 [03:34<02:15,  2.00s/it]avg_loss = 1.7783580476587468:  59%|█████▉    | 98/166 [03:36<02:15,  2.00s/it]avg_loss = 1.7783580476587468:  60%|█████▉    | 99/166 [03:36<02:13,  2.00s/it]avg_loss = 1.776134341955185:  60%|█████▉    | 99/166 [03:38<02:13,  2.00s/it] avg_loss = 1.776134341955185:  60%|██████    | 100/166 [03:38<02:11,  2.00s/it]avg_loss = 1.7768515265814149:  60%|██████    | 100/166 [03:40<02:11,  2.00s/it]avg_loss = 1.7768515265814149:  61%|██████    | 101/166 [03:40<02:09,  2.00s/it]avg_loss = 1.7776101734123977:  61%|██████    | 101/166 [03:42<02:09,  2.00s/it]avg_loss = 1.7776101734123977:  61%|██████▏   | 102/166 [03:42<02:07,  2.00s/it]avg_loss = 1.7786238922656161:  61%|██████▏   | 102/166 [03:44<02:07,  2.00s/it]avg_loss = 1.7786238922656161:  62%|██████▏   | 103/166 [03:44<02:05,  2.00s/it]avg_loss = 1.78062170285445:  62%|██████▏   | 103/166 [03:46<02:05,  2.00s/it]  avg_loss = 1.78062170285445:  63%|██████▎   | 104/166 [03:46<02:03,  2.00s/it]avg_loss = 1.787166654495966:  63%|██████▎   | 104/166 [03:48<02:03,  2.00s/it]avg_loss = 1.787166654495966:  63%|██████▎   | 105/166 [03:48<02:01,  2.00s/it]avg_loss = 1.7924058729747556:  63%|██████▎   | 105/166 [03:50<02:01,  2.00s/it]avg_loss = 1.7924058729747556:  64%|██████▍   | 106/166 [03:50<01:59,  2.00s/it]avg_loss = 1.7956482673359808:  64%|██████▍   | 106/166 [03:52<01:59,  2.00s/it]avg_loss = 1.7956482673359808:  64%|██████▍   | 107/166 [03:52<01:57,  2.00s/it]avg_loss = 1.7988859392978527:  64%|██████▍   | 107/166 [03:54<01:57,  2.00s/it]avg_loss = 1.7988859392978527:  65%|██████▌   | 108/166 [03:54<01:55,  2.00s/it]avg_loss = 1.8035613768691316:  65%|██████▌   | 108/166 [03:56<01:55,  2.00s/it]avg_loss = 1.8035613768691316:  66%|██████▌   | 109/166 [03:56<01:53,  2.00s/it]avg_loss = 1.8070997975089333:  66%|██████▌   | 109/166 [03:58<01:53,  2.00s/it]avg_loss = 1.8070997975089333:  66%|██████▋   | 110/166 [03:58<01:51,  2.00s/it]avg_loss = 1.8083015798448443:  66%|██████▋   | 110/166 [04:00<01:51,  2.00s/it]avg_loss = 1.8083015798448443:  67%|██████▋   | 111/166 [04:00<01:49,  2.00s/it]avg_loss = 1.8097154295870237:  67%|██████▋   | 111/166 [04:02<01:49,  2.00s/it]avg_loss = 1.8097154295870237:  67%|██████▋   | 112/166 [04:02<01:47,  2.00s/it]avg_loss = 1.809586368830858:  67%|██████▋   | 112/166 [04:04<01:47,  2.00s/it] avg_loss = 1.809586368830858:  68%|██████▊   | 113/166 [04:04<01:45,  2.00s/it]avg_loss = 1.8104218736029507:  68%|██████▊   | 113/166 [04:06<01:45,  2.00s/it]avg_loss = 1.8104218736029507:  69%|██████▊   | 114/166 [04:06<01:43,  2.00s/it]avg_loss = 1.8088133749754534:  69%|██████▊   | 114/166 [04:08<01:43,  2.00s/it]avg_loss = 1.8088133749754534:  69%|██████▉   | 115/166 [04:08<01:41,  2.00s/it]avg_loss = 1.808808247590887:  69%|██████▉   | 115/166 [04:10<01:41,  2.00s/it] avg_loss = 1.808808247590887:  70%|██████▉   | 116/166 [04:10<01:39,  2.00s/it]avg_loss = 1.810214950488164:  70%|██████▉   | 116/166 [04:12<01:39,  2.00s/it]avg_loss = 1.810214950488164:  70%|███████   | 117/166 [04:12<01:37,  2.00s/it]avg_loss = 1.810462264691369:  70%|███████   | 117/166 [04:14<01:37,  2.00s/it]avg_loss = 1.810462264691369:  71%|███████   | 118/166 [04:14<01:35,  2.00s/it]avg_loss = 1.8107175035636967:  71%|███████   | 118/166 [04:16<01:35,  2.00s/it]avg_loss = 1.8107175035636967:  72%|███████▏  | 119/166 [04:16<01:33,  2.00s/it]avg_loss = 1.8113336433966956:  72%|███████▏  | 119/166 [04:18<01:33,  2.00s/it]avg_loss = 1.8113336433966956:  72%|███████▏  | 120/166 [04:18<01:31,  2.00s/it]avg_loss = 1.8111217938178827:  72%|███████▏  | 120/166 [04:20<01:31,  2.00s/it]avg_loss = 1.8111217938178827:  73%|███████▎  | 121/166 [04:20<01:29,  2.00s/it]avg_loss = 1.8121568902594145:  73%|███████▎  | 121/166 [04:22<01:29,  2.00s/it]avg_loss = 1.8121568902594145:  73%|███████▎  | 122/166 [04:22<01:27,  2.00s/it]avg_loss = 1.8127577585902641:  73%|███████▎  | 122/166 [04:24<01:27,  2.00s/it]avg_loss = 1.8127577585902641:  74%|███████▍  | 123/166 [04:24<01:25,  2.00s/it]avg_loss = 1.8116465422414965:  74%|███████▍  | 123/166 [04:26<01:25,  2.00s/it]avg_loss = 1.8116465422414965:  75%|███████▍  | 124/166 [04:26<01:23,  2.00s/it]avg_loss = 1.8103725986480712:  75%|███████▍  | 124/166 [04:28<01:23,  2.00s/it]avg_loss = 1.8103725986480712:  75%|███████▌  | 125/166 [04:28<01:21,  2.00s/it]avg_loss = 1.8086209874304513:  75%|███████▌  | 125/166 [04:30<01:21,  2.00s/it]avg_loss = 1.8086209874304513:  76%|███████▌  | 126/166 [04:30<01:19,  2.00s/it]avg_loss = 1.8067329765304805:  76%|███████▌  | 126/166 [04:32<01:19,  2.00s/it]avg_loss = 1.8067329765304805:  77%|███████▋  | 127/166 [04:32<01:17,  2.00s/it]avg_loss = 1.8054013410583138:  77%|███████▋  | 127/166 [04:34<01:17,  2.00s/it]avg_loss = 1.8054013410583138:  77%|███████▋  | 128/166 [04:34<01:15,  2.00s/it]avg_loss = 1.8046236832936604:  77%|███████▋  | 128/166 [04:36<01:15,  2.00s/it]avg_loss = 1.8046236832936604:  78%|███████▊  | 129/166 [04:36<01:13,  2.00s/it]avg_loss = 1.8044518681672903:  78%|███████▊  | 129/166 [04:38<01:13,  2.00s/it]avg_loss = 1.8044518681672903:  78%|███████▊  | 130/166 [04:38<01:11,  2.00s/it]avg_loss = 1.8057036545440441:  78%|███████▊  | 130/166 [04:40<01:11,  2.00s/it]avg_loss = 1.8057036545440441:  79%|███████▉  | 131/166 [04:40<01:09,  2.00s/it]avg_loss = 1.8061432675881819:  79%|███████▉  | 131/166 [04:42<01:09,  2.00s/it]avg_loss = 1.8061432675881819:  80%|███████▉  | 132/166 [04:42<01:07,  2.00s/it]avg_loss = 1.8070063089069568:  80%|███████▉  | 132/166 [04:44<01:07,  2.00s/it]avg_loss = 1.8070063089069568:  80%|████████  | 133/166 [04:44<01:05,  2.00s/it]avg_loss = 1.8081342907094244:  80%|████████  | 133/166 [04:46<01:05,  2.00s/it]avg_loss = 1.8081342907094244:  81%|████████  | 134/166 [04:46<01:03,  2.00s/it]avg_loss = 1.806148741863392:  81%|████████  | 134/166 [04:48<01:03,  2.00s/it] avg_loss = 1.806148741863392:  81%|████████▏ | 135/166 [04:48<01:01,  2.00s/it]avg_loss = 1.8062155378215454:  81%|████████▏ | 135/166 [04:50<01:01,  2.00s/it]avg_loss = 1.8062155378215454:  82%|████████▏ | 136/166 [04:50<00:59,  2.00s/it]avg_loss = 1.8067779192959306:  82%|████████▏ | 136/166 [04:52<00:59,  2.00s/it]avg_loss = 1.8067779192959306:  83%|████████▎ | 137/166 [04:52<00:57,  2.00s/it]avg_loss = 1.8076666291209236:  83%|████████▎ | 137/166 [04:54<00:57,  2.00s/it]avg_loss = 1.8076666291209236:  83%|████████▎ | 138/166 [04:54<00:55,  2.00s/it]avg_loss = 1.8070042313431665:  83%|████████▎ | 138/166 [04:56<00:55,  2.00s/it]avg_loss = 1.8070042313431665:  84%|████████▎ | 139/166 [04:56<00:53,  2.00s/it]avg_loss = 1.805379112277712:  84%|████████▎ | 139/166 [04:58<00:53,  2.00s/it] avg_loss = 1.805379112277712:  84%|████████▍ | 140/166 [04:58<00:51,  2.00s/it]avg_loss = 1.8039584717852004:  84%|████████▍ | 140/166 [05:00<00:51,  2.00s/it]avg_loss = 1.8039584717852004:  85%|████████▍ | 141/166 [05:00<00:49,  2.00s/it]avg_loss = 1.8036515284591996:  85%|████████▍ | 141/166 [05:02<00:49,  2.00s/it]avg_loss = 1.8036515284591996:  86%|████████▌ | 142/166 [05:02<00:47,  2.00s/it]avg_loss = 1.801960699208133:  86%|████████▌ | 142/166 [05:04<00:47,  2.00s/it] avg_loss = 1.801960699208133:  86%|████████▌ | 143/166 [05:04<00:45,  2.00s/it]avg_loss = 1.8033687977327242:  86%|████████▌ | 143/166 [05:06<00:45,  2.00s/it]avg_loss = 1.8033687977327242:  87%|████████▋ | 144/166 [05:06<00:43,  2.00s/it]avg_loss = 1.8023596829381483:  87%|████████▋ | 144/166 [05:08<00:43,  2.00s/it]avg_loss = 1.8023596829381483:  87%|████████▋ | 145/166 [05:08<00:41,  2.00s/it]avg_loss = 1.8022483873040709:  87%|████████▋ | 145/166 [05:10<00:41,  2.00s/it]avg_loss = 1.8022483873040709:  88%|████████▊ | 146/166 [05:10<00:39,  2.00s/it]avg_loss = 1.8008723575241712:  88%|████████▊ | 146/166 [05:12<00:39,  2.00s/it]avg_loss = 1.8008723575241712:  89%|████████▊ | 147/166 [05:12<00:37,  2.00s/it]avg_loss = 1.7998015324811678:  89%|████████▊ | 147/166 [05:14<00:37,  2.00s/it]avg_loss = 1.7998015324811678:  89%|████████▉ | 148/166 [05:14<00:35,  2.00s/it]avg_loss = 1.797971394238056:  89%|████████▉ | 148/166 [05:16<00:35,  2.00s/it] avg_loss = 1.797971394238056:  90%|████████▉ | 149/166 [05:16<00:33,  2.00s/it]avg_loss = 1.7988328170776366:  90%|████████▉ | 149/166 [05:18<00:33,  2.00s/it]avg_loss = 1.7988328170776366:  90%|█████████ | 150/166 [05:18<00:31,  2.00s/it]avg_loss = 1.797991650783463:  90%|█████████ | 150/166 [05:20<00:31,  2.00s/it] avg_loss = 1.797991650783463:  91%|█████████ | 151/166 [05:20<00:29,  2.00s/it]avg_loss = 1.7976917397034795:  91%|█████████ | 151/166 [05:22<00:29,  2.00s/it]avg_loss = 1.7976917397034795:  92%|█████████▏| 152/166 [05:22<00:27,  2.00s/it]avg_loss = 1.7976239608004203:  92%|█████████▏| 152/166 [05:24<00:27,  2.00s/it]avg_loss = 1.7976239608004203:  92%|█████████▏| 153/166 [05:24<00:25,  2.00s/it]avg_loss = 1.7993990391879886:  92%|█████████▏| 153/166 [05:26<00:25,  2.00s/it]avg_loss = 1.7993990391879886:  93%|█████████▎| 154/166 [05:26<00:23,  2.00s/it]avg_loss = 1.7988973317607757:  93%|█████████▎| 154/166 [05:28<00:23,  2.00s/it]avg_loss = 1.7988973317607757:  93%|█████████▎| 155/166 [05:28<00:21,  2.00s/it]avg_loss = 1.7985170697554564:  93%|█████████▎| 155/166 [05:30<00:21,  2.00s/it]avg_loss = 1.7985170697554564:  94%|█████████▍| 156/166 [05:30<00:19,  2.00s/it]avg_loss = 1.7965064413228613:  94%|█████████▍| 156/166 [05:32<00:19,  2.00s/it]avg_loss = 1.7965064413228613:  95%|█████████▍| 157/166 [05:32<00:17,  2.00s/it]avg_loss = 1.7917095769809772:  95%|█████████▍| 157/166 [05:34<00:17,  2.00s/it]avg_loss = 1.7917095769809772:  95%|█████████▌| 158/166 [05:34<00:15,  2.00s/it]avg_loss = 1.792242075662193:  95%|█████████▌| 158/166 [05:36<00:15,  2.00s/it] avg_loss = 1.792242075662193:  96%|█████████▌| 159/166 [05:36<00:13,  2.00s/it]avg_loss = 1.7937590450048446:  96%|█████████▌| 159/166 [05:38<00:13,  2.00s/it]avg_loss = 1.7937590450048446:  96%|█████████▋| 160/166 [05:38<00:11,  2.00s/it]avg_loss = 1.7962759311154763:  96%|█████████▋| 160/166 [05:40<00:11,  2.00s/it]avg_loss = 1.7962759311154763:  97%|█████████▋| 161/166 [05:40<00:09,  2.00s/it]avg_loss = 1.7967807091312644:  97%|█████████▋| 161/166 [05:42<00:09,  2.00s/it]avg_loss = 1.7967807091312644:  98%|█████████▊| 162/166 [05:42<00:07,  2.00s/it]avg_loss = 1.7966168811716186:  98%|█████████▊| 162/166 [05:44<00:07,  2.00s/it]avg_loss = 1.7966168811716186:  98%|█████████▊| 163/166 [05:44<00:05,  2.00s/it]avg_loss = 1.7974427037122773:  98%|█████████▊| 163/166 [05:46<00:05,  2.00s/it]avg_loss = 1.7974427037122773:  99%|█████████▉| 164/166 [05:46<00:04,  2.00s/it]avg_loss = 1.797900298869971:  99%|█████████▉| 164/166 [05:48<00:04,  2.00s/it] avg_loss = 1.797900298869971:  99%|█████████▉| 165/166 [05:48<00:02,  2.00s/it]avg_loss = 1.79985884801451:  99%|█████████▉| 165/166 [05:50<00:02,  2.00s/it] avg_loss = 1.79985884801451: 100%|██████████| 166/166 [05:50<00:00,  2.00s/it]avg_loss = 1.79985884801451: 100%|██████████| 166/166 [05:50<00:00,  2.11s/it]
I0217 04:14:54.690383 187386 eval_ppl.py:66] wikitext2 perplexity: 6.048793315887451
